#
# There is insufficient memory for the Java Runtime Environment to continue.
# Native memory allocation (mmap) failed to map 536870912 bytes. Error detail: G1 virtual space
# Possible reasons:
#   The system is out of physical RAM or swap space
#   This process is running with CompressedOops enabled, and the Java Heap may be blocking the growth of the native heap
# Possible solutions:
#   Reduce memory load on the system
#   Increase physical memory or swap space
#   Check if swap backing store is full
#   Decrease Java heap size (-Xmx/-Xms)
#   Decrease number of Java threads
#   Decrease Java thread stack sizes (-Xss)
#   Set larger code cache with -XX:ReservedCodeCacheSize=
#   JVM is running with Zero Based Compressed Oops mode in which the Java heap is
#     placed in the first 32GB address space. The Java Heap base address is the
#     maximum limit for the native heap growth. Please use -XX:HeapBaseMinAddress
#     to set the Java Heap base and to place the Java Heap above 32GB virtual address.
# This output file may be truncated or incomplete.
#
#  Out of Memory Error (os_windows.cpp:3618), pid=39000, tid=43380
#
# JRE version:  (17.0.14+7) (build )
# Java VM: OpenJDK 64-Bit Server VM (17.0.14+7-LTS, mixed mode, sharing, tiered, compressed oops, compressed class ptrs, g1 gc, windows-amd64)
# No core dump will be written. Minidumps are not enabled by default on client versions of Windows
#

---------------  S U M M A R Y ------------

Command Line: -Dmaven.multiModuleProjectDirectory=D:\linqin.zhong\Desktop\workspace\own\kingcent-campus-backend\kingcent-cable -Djansi.passthrough=true -Dmaven.home=C:\Program Files\JetBrains\IntelliJ IDEA 2023.3.4\plugins\maven\lib\maven3 -Dclassworlds.conf=C:\Program Files\JetBrains\IntelliJ IDEA 2023.3.4\plugins\maven\lib\maven3\bin\m2.conf -Dmaven.ext.class.path=C:\Program Files\JetBrains\IntelliJ IDEA 2023.3.4\plugins\maven\lib\maven-event-listener.jar -javaagent:C:\Program Files\JetBrains\IntelliJ IDEA 2023.3.4\lib\idea_rt.jar=57570:C:\Program Files\JetBrains\IntelliJ IDEA 2023.3.4\bin -Dfile.encoding=UTF-8 org.codehaus.classworlds.Launcher -Didea.version=2023.3.4 package

Host: Intel(R) Core(TM) i7-8700 CPU @ 3.20GHz, 12 cores, 31G,  Windows 10 , 64 bit Build 19041 (10.0.19041.3570)
Time: Fri Feb 21 15:26:33 2025  Windows 10 , 64 bit Build 19041 (10.0.19041.3570) elapsed time: 0.015264 seconds (0d 0h 0m 0s)

---------------  T H R E A D  ---------------

Current thread (0x00000203c9186f20):  JavaThread "Unknown thread" [_thread_in_vm, id=43380, stack(0x000000df03400000,0x000000df03500000)]

Stack: [0x000000df03400000,0x000000df03500000]
Native frames: (J=compiled Java code, j=interpreted, Vv=VM code, C=native code)
V  [jvm.dll+0x681069]
V  [jvm.dll+0x838cca]
V  [jvm.dll+0x83a78e]
V  [jvm.dll+0x83adf3]
V  [jvm.dll+0x24826f]
V  [jvm.dll+0x67dd99]
V  [jvm.dll+0x67286a]
V  [jvm.dll+0x30826b]
V  [jvm.dll+0x30f756]
V  [jvm.dll+0x35face]
V  [jvm.dll+0x35fd0f]
V  [jvm.dll+0x2df21c]
V  [jvm.dll+0x2e0174]
V  [jvm.dll+0x80a48b]
V  [jvm.dll+0x36d841]
V  [jvm.dll+0x7e8db5]
V  [jvm.dll+0x3f154f]
V  [jvm.dll+0x3f30c1]
C  [jli.dll+0x52ab]
C  [ucrtbase.dll+0x21bb2]
C  [KERNEL32.DLL+0x17344]
C  [ntdll.dll+0x526b1]


---------------  P R O C E S S  ---------------

Threads class SMR info:
_java_thread_list=0x00007ffb563f8f18, length=0, elements={
}

Java Threads: ( => current thread )

Other Threads:
  0x00000203c92325a0 GCTaskThread "GC Thread#0" [stack: 0x000000df03500000,0x000000df03600000] [id=30760]
  0x00000203c9243370 ConcurrentGCThread "G1 Main Marker" [stack: 0x000000df03600000,0x000000df03700000] [id=35772]
  0x00000203c9244da0 ConcurrentGCThread "G1 Conc#0" [stack: 0x000000df03700000,0x000000df03800000] [id=44196]

[error occurred during error reporting (printing all threads), id 0xc0000005, EXCEPTION_ACCESS_VIOLATION (0xc0000005) at pc=0x00007ffb55baf957]

VM state: not at safepoint (not fully initialized)

VM Mutex/Monitor currently owned by a thread:  ([mutex/lock_event])
[0x00000203c9181df0] Heap_lock - owner thread: 0x00000203c9186f20

Heap address: 0x0000000603000000, size: 8144 MB, Compressed Oops mode: Zero based, Oop shift amount: 3

CDS archive(s) mapped at: [0x0000000000000000-0x0000000000000000-0x0000000000000000), size 0, SharedBaseAddress: 0x0000000800000000, ArchiveRelocationMode: 1.
Narrow klass base: 0x0000000000000000, Narrow klass shift: 0, Narrow klass range: 0x0

GC Precious Log:
<Empty>

Heap:
 garbage-first heap   total 0K, used 0K [0x0000000603000000, 0x0000000800000000)
  region size 4096K, 0 young (0K), 0 survivors (0K)

[error occurred during error reporting (printing heap information), id 0xc0000005, EXCEPTION_ACCESS_VIOLATION (0xc0000005) at pc=0x00007ffb55f9a2b9]

GC Heap History (0 events):
No events

Dll operation events (1 events):
Event: 0.010 Loaded shared library C:\Users\linqin.zhong\.jdks\corretto-17.0.14\bin\java.dll

Deoptimization events (0 events):
No events

Classes loaded (0 events):
No events

Classes unloaded (0 events):
No events

Classes redefined (0 events):
No events

Internal exceptions (0 events):
No events

VM Operations (0 events):
No events

Memory protections (0 events):
No events

Nmethod flushes (0 events):
No events

Events (0 events):
No events


Dynamic libraries:
0x00007ff73f190000 - 0x00007ff73f19e000 	C:\Users\linqin.zhong\.jdks\corretto-17.0.14\bin\java.exe
0x00007ffc37e90000 - 0x00007ffc38087000 	C:\Windows\SYSTEM32\ntdll.dll
0x00007ffc36c50000 - 0x00007ffc36d0d000 	C:\Windows\System32\KERNEL32.DLL
0x00007ffc355e0000 - 0x00007ffc358d6000 	C:\Windows\System32\KERNELBASE.dll
0x00007ffc35be0000 - 0x00007ffc35ce0000 	C:\Windows\System32\ucrtbase.dll
0x00007ffc2f3a0000 - 0x00007ffc2f3b7000 	C:\Users\linqin.zhong\.jdks\corretto-17.0.14\bin\jli.dll
0x00007ffc32ab0000 - 0x00007ffc32acb000 	C:\Users\linqin.zhong\.jdks\corretto-17.0.14\bin\VCRUNTIME140.dll
0x00007ffc37bd0000 - 0x00007ffc37d6e000 	C:\Windows\System32\USER32.dll
0x00007ffc35ce0000 - 0x00007ffc35d02000 	C:\Windows\System32\win32u.dll
0x00007ffc36d10000 - 0x00007ffc36d3c000 	C:\Windows\System32\GDI32.dll
0x00007ffc358e0000 - 0x00007ffc359fa000 	C:\Windows\System32\gdi32full.dll
0x00007ffc35da0000 - 0x00007ffc35e3d000 	C:\Windows\System32\msvcp_win.dll
0x00007ffc1e560000 - 0x00007ffc1e7fa000 	C:\Windows\WinSxS\amd64_microsoft.windows.common-controls_6595b64144ccf1df_6.0.19041.3570_none_60bb2a3971f3e41a\COMCTL32.dll
0x00007ffc372d0000 - 0x00007ffc3736e000 	C:\Windows\System32\msvcrt.dll
0x00007ffc36c20000 - 0x00007ffc36c50000 	C:\Windows\System32\IMM32.DLL
0x00007ffc2f390000 - 0x00007ffc2f39c000 	C:\Users\linqin.zhong\.jdks\corretto-17.0.14\bin\vcruntime140_1.dll
0x00007ffc119c0000 - 0x00007ffc11a4d000 	C:\Users\linqin.zhong\.jdks\corretto-17.0.14\bin\msvcp140.dll
0x00007ffb558c0000 - 0x00007ffb5652c000 	C:\Users\linqin.zhong\.jdks\corretto-17.0.14\bin\server\jvm.dll
0x00007ffc35ef0000 - 0x00007ffc35f9e000 	C:\Windows\System32\ADVAPI32.dll
0x00007ffc37400000 - 0x00007ffc3749c000 	C:\Windows\System32\sechost.dll
0x00007ffc362f0000 - 0x00007ffc36416000 	C:\Windows\System32\RPCRT4.dll
0x00007ffc36070000 - 0x00007ffc360db000 	C:\Windows\System32\WS2_32.dll
0x00007ffc34b20000 - 0x00007ffc34b6b000 	C:\Windows\SYSTEM32\POWRPROF.dll
0x00007ffc2bab0000 - 0x00007ffc2bad7000 	C:\Windows\SYSTEM32\WINMM.dll
0x00007ffc2ea30000 - 0x00007ffc2ea3a000 	C:\Windows\SYSTEM32\VERSION.dll
0x00007ffc34990000 - 0x00007ffc349a2000 	C:\Windows\SYSTEM32\UMPDC.dll
0x00007ffc33250000 - 0x00007ffc33262000 	C:\Windows\SYSTEM32\kernel.appcore.dll
0x00007ffc2f380000 - 0x00007ffc2f38a000 	C:\Users\linqin.zhong\.jdks\corretto-17.0.14\bin\jimage.dll
0x00007ffc1f6e0000 - 0x00007ffc1f8c4000 	C:\Windows\SYSTEM32\DBGHELP.DLL
0x00007ffc1b920000 - 0x00007ffc1b954000 	C:\Windows\SYSTEM32\dbgcore.DLL
0x00007ffc35d10000 - 0x00007ffc35d92000 	C:\Windows\System32\bcryptPrimitives.dll
0x00007ffc119b0000 - 0x00007ffc119be000 	C:\Users\linqin.zhong\.jdks\corretto-17.0.14\bin\instrument.dll
0x00007ffc2e710000 - 0x00007ffc2e735000 	C:\Users\linqin.zhong\.jdks\corretto-17.0.14\bin\java.dll

dbghelp: loaded successfully - version: 4.0.5 - missing functions: none
symbol engine: initialized successfully - sym options: 0x614 - pdb path: .;C:\Users\linqin.zhong\.jdks\corretto-17.0.14\bin;C:\Windows\SYSTEM32;C:\Windows\WinSxS\amd64_microsoft.windows.common-controls_6595b64144ccf1df_6.0.19041.3570_none_60bb2a3971f3e41a;C:\Users\linqin.zhong\.jdks\corretto-17.0.14\bin\server

VM Arguments:
jvm_args: -Dmaven.multiModuleProjectDirectory=D:\linqin.zhong\Desktop\workspace\own\kingcent-campus-backend\kingcent-cable -Djansi.passthrough=true -Dmaven.home=C:\Program Files\JetBrains\IntelliJ IDEA 2023.3.4\plugins\maven\lib\maven3 -Dclassworlds.conf=C:\Program Files\JetBrains\IntelliJ IDEA 2023.3.4\plugins\maven\lib\maven3\bin\m2.conf -Dmaven.ext.class.path=C:\Program Files\JetBrains\IntelliJ IDEA 2023.3.4\plugins\maven\lib\maven-event-listener.jar -javaagent:C:\Program Files\JetBrains\IntelliJ IDEA 2023.3.4\lib\idea_rt.jar=57570:C:\Program Files\JetBrains\IntelliJ IDEA 2023.3.4\bin -Dfile.encoding=UTF-8 
java_command: org.codehaus.classworlds.Launcher -Didea.version=2023.3.4 package
java_class_path (initial): C:\Program Files\JetBrains\IntelliJ IDEA 2023.3.4\plugins\maven\lib\maven3\boot\plexus-classworlds-2.7.0.jar;C:\Program Files\JetBrains\IntelliJ IDEA 2023.3.4\plugins\maven\lib\maven3\boot\plexus-classworlds.license
Launcher Type: SUN_STANDARD

[Global flags]
     intx CICompilerCount                          = 4                                         {product} {ergonomic}
     uint ConcGCThreads                            = 3                                         {product} {ergonomic}
     uint G1ConcRefinementThreads                  = 10                                        {product} {ergonomic}
   size_t G1HeapRegionSize                         = 4194304                                   {product} {ergonomic}
    uintx GCDrainStackTargetSize                   = 64                                        {product} {ergonomic}
   size_t InitialHeapSize                          = 536870912                                 {product} {ergonomic}
   size_t MarkStackSize                            = 4194304                                   {product} {ergonomic}
   size_t MaxHeapSize                              = 8539602944                                {product} {ergonomic}
   size_t MinHeapDeltaBytes                        = 4194304                                   {product} {ergonomic}
   size_t MinHeapSize                              = 8388608                                   {product} {ergonomic}
    uintx NonNMethodCodeHeapSize                   = 5839372                                {pd product} {ergonomic}
    uintx NonProfiledCodeHeapSize                  = 122909434                              {pd product} {ergonomic}
    uintx ProfiledCodeHeapSize                     = 122909434                              {pd product} {ergonomic}
    uintx ReservedCodeCacheSize                    = 251658240                              {pd product} {ergonomic}
     bool SegmentedCodeCache                       = true                                      {product} {ergonomic}
   size_t SoftMaxHeapSize                          = 8539602944                             {manageable} {ergonomic}
     bool UseCompressedClassPointers               = true                           {product lp64_product} {ergonomic}
     bool UseCompressedOops                        = true                           {product lp64_product} {ergonomic}
     bool UseG1GC                                  = true                                      {product} {ergonomic}
     bool UseLargePagesIndividualAllocation        = false                                  {pd product} {ergonomic}

Logging:
Log output configuration:
 #0: stdout all=warning uptime,level,tags
 #1: stderr all=off uptime,level,tags

Environment Variables:
JAVA_HOME=C:\Program Files\Java\jdk-21
PATH=C:\Program Files\Common Files\Oracle\Java\javapath;C:\Windows\system32;C:\Windows;C:\Windows\System32\Wbem;C:\Windows\System32\WindowsPowerShell\v1.0\;C:\Windows\System32\OpenSSH\;C:\Program Files (x86)\NVIDIA Corporation\PhysX\Common;D:\linqin.zhong\AppData\Roaming\nvm;C:\Program Files\nodejs;C:\Program Files\Git\cmd;C:\Program Files\nodejs\;C:\Program Files (x86)\Tencent\微信web开发者工具\dll;C:\Program Files\MySQL\MySQL Shell 8.0\bin\;C:\Users\linqin.zhong\AppData\Local\Programs\Python\Launcher\;C:\Users\linqin.zhong\AppData\Local\Microsoft\WindowsApps;C:\Users\linqin.zhong\AppData\Local\Programs\Microsoft VS Code\bin;D:\linqin.zhong\AppData\Roaming\nvm;C:\Program Files\nodejs;D:\linqin.zhong\AppData\Roaming\npm;C:\Users\linqin.zhong\AppData\Local\Programs\Quick App IDE\bin
USERNAME=linqin.zhong
OS=Windows_NT
PROCESSOR_IDENTIFIER=Intel64 Family 6 Model 158 Stepping 10, GenuineIntel
TMP=C:\Users\linqin.zhong\AppData\Local\Temp
TEMP=C:\Users\linqin.zhong\AppData\Local\Temp



Periodic native trim disabled


---------------  S Y S T E M  ---------------

OS:
 Windows 10 , 64 bit Build 19041 (10.0.19041.3570)
OS uptime: 26 days 17:35 hours

CPU: total 12 (initial active 12) (6 cores per cpu, 2 threads per core) family 6 model 158 stepping 10 microcode 0xb4, cx8, cmov, fxsr, ht, mmx, 3dnowpref, sse, sse2, sse3, ssse3, sse4.1, sse4.2, popcnt, lzcnt, tsc, tscinvbit, avx, avx2, aes, erms, clmul, bmi1, bmi2, rtm, adx, fma, vzeroupper, clflush, clflushopt
Processor Information for all 12 processors :
  Max Mhz: 3192, Current Mhz: 3192, Mhz Limit: 3192

Memory: 4k page, system-wide physical 32564M (11605M free)
TotalPageFile size 83764M (AvailPageFile size 459M)
current process WorkingSet (physical memory assigned to process): 11M, peak: 11M
current process commit charge ("private bytes"): 64M, peak: 576M

vm_info: OpenJDK 64-Bit Server VM (17.0.14+7-LTS) for windows-amd64 JRE (17.0.14+7-LTS), built on Jan  7 2025 20:14:24 by "Administrator" with MS VC++ 16.10 / 16.11 (VS2019)

END.
